<?xml version="1.0" encoding="UTF-8"?>
<!-- Generated by org.testng.reporters.JUnitReportReporter -->
<testsuite hostname="VivekChowdary" failures="0" tests="4" name="com.frugaltesting.RegistrationTest" time="23.801" errors="0" timestamp="2026-01-22T22:47:02 IST" skipped="0">
  <testcase classname="com.frugaltesting.RegistrationTest" name="testLandingPage" time="4.009"/>
  <testcase classname="com.frugaltesting.RegistrationTest" name="testNegativeScenario" time="8.773"/>
  <testcase classname="com.frugaltesting.RegistrationTest" name="testPositiveScenario" time="6.105"/>
  <testcase classname="com.frugaltesting.RegistrationTest" name="testFormLogic" time="4.914"/>
</testsuite> <!-- com.frugaltesting.RegistrationTest -->
