<?xml version="1.0" encoding="UTF-8"?>
<!-- Generated by org.testng.reporters.JUnitReportReporter -->
<testsuite hostname="VivekChowdary" failures="0" tests="4" name="com.frugaltesting.RegistrationTest" time="22.556" errors="0" timestamp="2026-02-08T07:13:29 IST" skipped="0">
  <testcase classname="com.frugaltesting.RegistrationTest" name="testLandingPage" time="4.321"/>
  <testcase classname="com.frugaltesting.RegistrationTest" name="testNegativeScenario" time="7.682"/>
  <testcase classname="com.frugaltesting.RegistrationTest" name="testPositiveScenario" time="5.566"/>
  <testcase classname="com.frugaltesting.RegistrationTest" name="testFormLogic" time="4.987"/>
</testsuite> <!-- com.frugaltesting.RegistrationTest -->
