<?xml version="1.0" encoding="UTF-8"?>
<!-- Generated by org.testng.reporters.JUnitXMLReporter -->
<testsuite ignored="0" hostname="VivekChowdary" failures="0" tests="4" name="Surefire test" time="24.285" errors="0" timestamp="2026-02-08T07:13:29 IST">
  <testcase classname="com.frugaltesting.RegistrationTest" name="testLandingPage" time="4.321"/>
  <testcase classname="com.frugaltesting.RegistrationTest" name="testNegativeScenario" time="7.682"/>
  <testcase classname="com.frugaltesting.RegistrationTest" name="testPositiveScenario" time="5.566"/>
  <testcase classname="com.frugaltesting.RegistrationTest" name="testFormLogic" time="4.987"/>
</testsuite> <!-- Surefire test -->
