<?xml version="1.0" encoding="UTF-8"?>
<!-- Generated by org.testng.reporters.JUnitXMLReporter -->
<testsuite ignored="0" hostname="VivekChowdary" failures="0" tests="4" name="Surefire test" time="25.895" errors="0" timestamp="2026-01-22T22:47:02 IST">
  <testcase classname="com.frugaltesting.RegistrationTest" name="testLandingPage" time="4.009"/>
  <testcase classname="com.frugaltesting.RegistrationTest" name="testNegativeScenario" time="8.773"/>
  <testcase classname="com.frugaltesting.RegistrationTest" name="testPositiveScenario" time="6.105"/>
  <testcase classname="com.frugaltesting.RegistrationTest" name="testFormLogic" time="4.914"/>
</testsuite> <!-- Surefire test -->
