<?xml version="1.0" encoding="UTF-8"?>
<testsuite xmlns:xsi="http://www.w3.org/2001/XMLSchema-instance" xsi:noNamespaceSchemaLocation="https://maven.apache.org/surefire/maven-surefire-plugin/xsd/surefire-test-report-3.0.xsd" version="3.0" name="TestSuite" time="26.476" tests="4" errors="0" skipped="0" failures="0">
  <properties>
[...]
</properties>
  <testcase name="testLandingPage" classname="com.frugaltesting.RegistrationTest" time="4.014">
    <system-out><![CDATA[🚀 Setting up test environment...
   Initializing Chrome Driver...
   Chrome Driver initialized successfully
📋 Test 1: Landing Page Verification
   📸 Screenshot saved: landing-page_20260122_224641.png
   Page Title: Intelligent Registration System | Frugal Testing
   ✅ Landing page test passed
]]></system-out>
    <system-err><![CDATA[SLF4J: Failed to load class "org.slf4j.impl.StaticLoggerBinder".
SLF4J: Defaulting to no-operation (NOP) logger implementation
SLF4J: See http://www.slf4j.org/codes.html#StaticLoggerBinder for further details.
Jan 22, 2026 10:46:37 PM org.openqa.selenium.devtools.CdpVersionFinder findNearestMatch
WARNING: Unable to find CDP implementation matching 144
Jan 22, 2026 10:46:37 PM org.openqa.selenium.chromium.ChromiumDriver lambda$new$5
WARNING: Unable to find version of CDP to use for 144.0.7559.59. You may need to include a dependency on a specific version of the CDP using something similar to `org.seleniumhq.selenium:selenium-devtools-v86:4.15.0` where the version ("v86") matches the version of the chromium-based browser you're using and the version number of the artifact is the same as Selenium's.
]]></system-err>
  </testcase>
  <testcase name="testNegativeScenario" classname="com.frugaltesting.RegistrationTest" time="8.775">
    <system-out><![CDATA[📋 Test 2: Negative Scenario - Missing Last Name
   📸 Screenshot saved: form-missing-lastname_20260122_224647.png
   📸 Screenshot saved: error-missing-lastname_20260122_224650.png
   ✅ Negative scenario test completed
]]></system-out>
  </testcase>
  <testcase name="testPositiveScenario" classname="com.frugaltesting.RegistrationTest" time="6.105">
    <system-out><![CDATA[📋 Test 3: Positive Scenario - All Valid Data
   📸 Screenshot saved: form-completely-filled_20260122_224655.png
   ✅ Form filled with valid data - Submit button enabled
]]></system-out>
  </testcase>
  <testcase name="testFormLogic" classname="com.frugaltesting.RegistrationTest" time="4.915">
    <system-out><![CDATA[📋 Test 4: Form Logic Validation
   📸 Screenshot saved: country-selected_20260122_224700.png
   Country selected: USA
   📸 Screenshot saved: state-selected_20260122_224701.png
   State selected: California
   ✅ Form logic test passed
]]></system-out>
  </testcase>
</testsuite>