<?xml version="1.0" encoding="UTF-8"?>
<testng-results ignored="0" total="4" passed="4" failed="0" skipped="0">
  <reporter-output>
  </reporter-output>
  <suite started-at="2026-01-22T22:46:36 IST" name="Surefire suite" finished-at="2026-01-22T22:47:02 IST" duration-ms="25895">
    <groups>
    </groups>
    <test started-at="2026-01-22T22:46:36 IST" name="Surefire test" finished-at="2026-01-22T22:47:02 IST" duration-ms="25895">
      <class name="com.frugaltesting.RegistrationTest">
        <test-method is-config="true" signature="setup()[pri:0, instance:com.frugaltesting.RegistrationTest@693fe6c9]" started-at="2026-01-22T22:46:36 IST" name="setup" finished-at="2026-01-22T22:46:37 IST" duration-ms="1619" status="PASS">
          <reporter-output>
          </reporter-output>
        </test-method> <!-- setup -->
        <test-method signature="testLandingPage()[pri:1, instance:com.frugaltesting.RegistrationTest@693fe6c9]" started-at="2026-01-22T22:46:38 IST" name="testLandingPage" finished-at="2026-01-22T22:46:42 IST" duration-ms="4009" status="PASS">
          <reporter-output>
          </reporter-output>
        </test-method> <!-- testLandingPage -->
        <test-method signature="testNegativeScenario()[pri:2, instance:com.frugaltesting.RegistrationTest@693fe6c9]" started-at="2026-01-22T22:46:42 IST" name="testNegativeScenario" finished-at="2026-01-22T22:46:50 IST" duration-ms="8773" status="PASS">
          <reporter-output>
          </reporter-output>
        </test-method> <!-- testNegativeScenario -->
        <test-method signature="testPositiveScenario()[pri:3, instance:com.frugaltesting.RegistrationTest@693fe6c9]" started-at="2026-01-22T22:46:50 IST" name="testPositiveScenario" finished-at="2026-01-22T22:46:56 IST" duration-ms="6105" status="PASS">
          <reporter-output>
          </reporter-output>
        </test-method> <!-- testPositiveScenario -->
        <test-method signature="testFormLogic()[pri:4, instance:com.frugaltesting.RegistrationTest@693fe6c9]" started-at="2026-01-22T22:46:56 IST" name="testFormLogic" finished-at="2026-01-22T22:47:01 IST" duration-ms="4914" status="PASS">
          <reporter-output>
          </reporter-output>
        </test-method> <!-- testFormLogic -->
        <test-method is-config="true" signature="teardown()[pri:0, instance:com.frugaltesting.RegistrationTest@693fe6c9]" started-at="2026-01-22T22:47:01 IST" name="teardown" finished-at="2026-01-22T22:47:02 IST" duration-ms="412" status="PASS">
          <reporter-output>
          </reporter-output>
        </test-method> <!-- teardown -->
      </class> <!-- com.frugaltesting.RegistrationTest -->
    </test> <!-- Surefire test -->
  </suite> <!-- Surefire suite -->
</testng-results>
