<?xml version="1.0" encoding="UTF-8"?>
<testng-results ignored="0" total="4" passed="4" failed="0" skipped="0">
  <reporter-output>
  </reporter-output>
  <suite started-at="2026-02-08T07:13:04 IST" name="Surefire suite" finished-at="2026-02-08T07:13:29 IST" duration-ms="24285">
    <groups>
    </groups>
    <test started-at="2026-02-08T07:13:04 IST" name="Surefire test" finished-at="2026-02-08T07:13:29 IST" duration-ms="24285">
      <class name="com.frugaltesting.RegistrationTest">
        <test-method is-config="true" signature="setup()[pri:0, instance:com.frugaltesting.RegistrationTest@6631f5ca]" started-at="2026-02-08T07:13:04 IST" name="setup" finished-at="2026-02-08T07:13:06 IST" duration-ms="1341" status="PASS">
          <reporter-output>
          </reporter-output>
        </test-method> <!-- setup -->
        <test-method signature="testLandingPage()[pri:1, instance:com.frugaltesting.RegistrationTest@6631f5ca]" started-at="2026-02-08T07:13:06 IST" name="testLandingPage" finished-at="2026-02-08T07:13:10 IST" duration-ms="4321" status="PASS">
          <reporter-output>
          </reporter-output>
        </test-method> <!-- testLandingPage -->
        <test-method signature="testNegativeScenario()[pri:2, instance:com.frugaltesting.RegistrationTest@6631f5ca]" started-at="2026-02-08T07:13:10 IST" name="testNegativeScenario" finished-at="2026-02-08T07:13:18 IST" duration-ms="7682" status="PASS">
          <reporter-output>
          </reporter-output>
        </test-method> <!-- testNegativeScenario -->
        <test-method signature="testPositiveScenario()[pri:3, instance:com.frugaltesting.RegistrationTest@6631f5ca]" started-at="2026-02-08T07:13:18 IST" name="testPositiveScenario" finished-at="2026-02-08T07:13:23 IST" duration-ms="5566" status="PASS">
          <reporter-output>
          </reporter-output>
        </test-method> <!-- testPositiveScenario -->
        <test-method signature="testFormLogic()[pri:4, instance:com.frugaltesting.RegistrationTest@6631f5ca]" started-at="2026-02-08T07:13:23 IST" name="testFormLogic" finished-at="2026-02-08T07:13:28 IST" duration-ms="4987" status="PASS">
          <reporter-output>
          </reporter-output>
        </test-method> <!-- testFormLogic -->
        <test-method is-config="true" signature="teardown()[pri:0, instance:com.frugaltesting.RegistrationTest@6631f5ca]" started-at="2026-02-08T07:13:28 IST" name="teardown" finished-at="2026-02-08T07:13:29 IST" duration-ms="358" status="PASS">
          <reporter-output>
          </reporter-output>
        </test-method> <!-- teardown -->
      </class> <!-- com.frugaltesting.RegistrationTest -->
    </test> <!-- Surefire test -->
  </suite> <!-- Surefire suite -->
</testng-results>
